Installing libgcc-4.4.6-4.el6.x86_64
warning: libgcc-4.4.6-4.el6.x86_64: Header V3 RSA/SHA256 Signature, key ID fd431d51: NOKEY
Installing setup-2.8.14-16.el6.noarch
Installing ca-certificates-2010.63-3.el6_1.5.noarch
Installing texlive-texmf-errata-2007-7.1.el6.noarch
Installing xml-common-0.6.3-32.el6.noarch
Installing tzdata-2012c-1.el6.noarch
Installing kernel-headers-2.6.32-279.el6.x86_64
Installing filesystem-2.4.30-3.el6.x86_64
Installing basesystem-10.0-4.el6.noarch
Installing iso-codes-3.16-2.el6.noarch
Installing foomatic-db-filesystem-4.0-7.20091126.el6.noarch
Installing m17n-db-1.5.5-1.1.el6.noarch
Installing libX11-common-1.3-2.el6.noarch
Installing fontpackages-filesystem-1.41-1.1.el6.noarch
Installing latencytop-common-0.5-9.el6.x86_64
Installing ncurses-base-5.7-3.20090208.el6.x86_64
Installing glibc-common-2.12-1.80.el6.x86_64
Installing nss-softokn-freebl-3.12.9-11.el6.x86_64
Installing glibc-2.12-1.80.el6.x86_64
Installing ncurses-libs-5.7-3.20090208.el6.x86_64
Installing bash-4.1.2-9.el6_2.x86_64
Installing libattr-2.4.44-7.el6.x86_64
Installing libcap-2.16-5.5.el6.x86_64
Installing zlib-1.2.3-27.el6.x86_64
Installing pkgconfig-0.23-9.1.el6.x86_64
Installing libstdc++-4.4.6-4.el6.x86_64
Installing info-4.13a-8.el6.x86_64
Installing dbus-libs-1.2.24-5.el6_1.x86_64
Installing libxml2-2.7.6-4.el6_2.4.x86_64
Installing freetype-2.3.11-6.el6_2.9.x86_64
Installing libcom_err-1.41.12-12.el6.x86_64
Installing popt-1.13-7.el6.x86_64
Installing chkconfig-1.3.49.3-2.el6.x86_64
Installing nspr-4.9-1.el6.x86_64
Installing libpng-1.2.49-1.el6_2.x86_64
Installing libICE-1.0.6-1.el6.x86_64
Installing bzip2-libs-1.0.5-7.el6_0.x86_64
Installing libjpeg-6b-46.el6.x86_64
Installing nss-util-3.13.3-2.el6.x86_64
Installing readline-6.0-4.el6.x86_64
Installing audit-libs-2.2-2.el6.x86_64
Installing libuuid-2.17.2-12.7.el6.x86_64
Installing libSM-1.1.0-7.1.el6.x86_64
Installing expat-2.0.1-11.el6_2.x86_64
Installing libacl-2.2.49-6.el6.x86_64
Installing db4-4.7.25-17.el6.x86_64
Installing cyrus-sasl-lib-2.1.23-13.el6.x86_64
Installing xorg-x11-proto-devel-7.6-13.el6.noarch
Installing elfutils-libelf-0.152-1.el6.x86_64
Installing gawk-3.1.7-9.el6.x86_64
Installing sqlite-3.6.20-1.el6.x86_64
Installing tcp_wrappers-libs-7.6-57.el6.x86_64
Installing libsepol-2.0.41-4.el6.x86_64
Installing libselinux-2.0.94-5.3.el6.x86_64
Installing glib2-2.22.5-7.el6.x86_64
Installing gamin-0.1.10-9.el6.x86_64
Installing atk-1.28.0-2.el6.x86_64
Installing shadow-utils-4.1.4.2-13.el6.x86_64
Installing dbus-glib-0.86-5.el6.x86_64
Installing sed-4.2.1-10.el6.x86_64
Installing gmp-4.3.1-7.el6_2.2.x86_64
Installing avahi-libs-0.6.25-11.el6.x86_64
Installing keyutils-libs-1.4-4.el6.x86_64
Installing krb5-libs-1.9-33.el6.x86_64
Installing findutils-4.4.2-6.el6.x86_64
Installing libgpg-error-1.7-4.el6.x86_64
Installing libgcrypt-1.4.5-9.el6_2.2.x86_64
Installing xz-libs-4.999.9-0.3.beta.20091007git.el6.x86_64
Installing libudev-147-2.41.el6.x86_64
Installing libogg-1.1.4-2.1.el6.x86_64
Installing libblkid-2.17.2-12.7.el6.x86_64
Installing xmlrpc-c-1.16.24-1209.1840.el6.x86_64
Installing binutils-2.20.51.0.2-5.34.el6.x86_64
Installing file-libs-5.04-13.el6.x86_64
Installing libtalloc-2.0.1-1.1.el6.x86_64
Installing libcap-ng-0.6.4-3.el6_0.1.x86_64
Installing dbus-1.2.24-5.el6_1.x86_64
Installing which-2.19-6.el6.x86_64
Installing libidn-1.18-2.el6.x86_64
Installing pcre-7.8-4.el6.x86_64
Installing grep-2.6.3-3.el6.x86_64
Installing libnl-1.1-14.el6.x86_64
Installing libtdb-1.2.1-3.el6.x86_64
Installing elfutils-libs-0.152-1.el6.x86_64
Installing procps-3.2.8-23.el6.x86_64
Installing lua-5.1.4-4.1.el6.x86_64
Installing e2fsprogs-libs-1.41.12-12.el6.x86_64
Installing cpio-2.10-10.el6.x86_64
Installing boost-program-options-1.41.0-11.el6_1.2.x86_64
Installing zlib-devel-1.2.3-27.el6.x86_64
Installing freetype-devel-2.3.11-6.el6_2.9.x86_64
Installing dbus-devel-1.2.24-5.el6_1.x86_64
Installing file-5.04-13.el6.x86_64
Installing libvorbis-1.2.3-4.el6_2.1.x86_64
Installing libxslt-1.1.26-2.el6.x86_64
Installing psmisc-22.6-15.el6_0.1.x86_64
Installing libtiff-3.9.4-5.el6_2.x86_64
Installing bzip2-1.0.5-7.el6_0.x86_64
Installing iptables-1.4.7-5.1.el6_2.x86_64
Installing m4-1.4.13-5.el6.x86_64
Installing diffutils-2.8.1-28.el6.x86_64
Installing boost-system-1.41.0-11.el6_1.2.x86_64
Installing boost-filesystem-1.41.0-11.el6_1.2.x86_64
Installing libgfortran-4.4.6-4.el6.x86_64
Installing libXau-1.0.5-1.el6.x86_64
Installing libart_lgpl-2.3.20-5.1.el6.x86_64
Installing libxcb-1.5-1.el6.x86_64
Installing libX11-1.3-2.el6.x86_64
Installing libXext-1.1-3.el6.x86_64
Installing libXrender-0.9.5-1.el6.x86_64
Installing libXt-1.0.7-1.el6.x86_64
Installing libXi-1.3-3.el6.x86_64
Installing libXfixes-4.0.4-1.el6.x86_64
Installing libXmu-1.0.5-1.el6.x86_64
Installing libXrandr-1.3.0-4.el6.x86_64
Installing libXcursor-1.1.10-2.el6.x86_64
Installing libXtst-1.0.99.2-3.el6.x86_64
Installing libXinerama-1.1-1.el6.x86_64
Installing libXpm-3.5.8-2.el6.x86_64
Installing libgudev1-147-2.41.el6.x86_64
Installing libgssglue-0.1-11.el6.x86_64
Installing abrt-libs-2.0.8-6.el6.x86_64
Installing desktop-file-utils-0.15-9.el6.x86_64
Installing kpathsea-2007-57.el6_2.x86_64
Installing texlive-texmf-2007-38.el6.noarch
Installing libaio-0.3.107-10.el6.x86_64
Installing pciutils-libs-3.1.4-11.el6.x86_64
Installing libibverbs-1.1.6-4.el6.x86_64
Installing slang-2.2.1-1.el6.x86_64
Installing newt-0.52.11-3.el6.x86_64
Installing gdbm-1.8.0-36.el6.x86_64
Installing perl-Pod-Escapes-1.04-127.el6.x86_64
Installing perl-version-0.77-127.el6.x86_64
Installing perl-Module-Pluggable-3.90-127.el6.x86_64
Installing perl-Pod-Simple-3.13-127.el6.x86_64
Installing perl-libs-5.10.1-127.el6.x86_64
Installing perl-5.10.1-127.el6.x86_64
Installing glib2-devel-2.22.5-7.el6.x86_64
Installing perl-Locale-Maketext-Simple-0.18-127.el6.x86_64
Installing perl-Params-Check-0.26-127.el6.x86_64
Installing perl-ExtUtils-MakeMaker-6.55-127.el6.x86_64
Installing perl-Test-Harness-3.17-127.el6.x86_64
Installing perl-devel-5.10.1-127.el6.x86_64
Installing perl-ExtUtils-ParseXS-2.2003.0-127.el6.x86_64
Installing perl-Test-Simple-0.92-127.el6.x86_64
Installing numactl-2.0.7-3.el6.x86_64
Installing perl-Module-Load-0.16-127.el6.x86_64
Installing perl-Module-Load-Conditional-0.30-127.el6.x86_64
Installing perl-IPC-Cmd-0.56-127.el6.x86_64
Installing perl-Log-Message-0.02-127.el6.x86_64
Installing perl-IO-Compress-Base-2.020-127.el6.x86_64
Installing perl-Package-Constants-0.02-127.el6.x86_64
Installing perl-Compress-Raw-Zlib-2.020-127.el6.x86_64
Installing perl-URI-1.40-2.el6.noarch
Installing libtirpc-0.2.1-5.el6.x86_64
Installing libXdamage-1.1.2-1.el6.x86_64
Installing libXcomposite-0.4.1-2.el6.x86_64
Installing libXp-1.0.0-15.1.el6.x86_64
Installing libXau-devel-1.0.5-1.el6.x86_64
Installing libpng-devel-1.2.49-1.el6_2.x86_64
Installing hal-libs-0.5.14-11.el6.x86_64
Installing libtevent-0.9.8-8.el6.x86_64
Installing xz-4.999.9-0.3.beta.20091007git.el6.x86_64
Installing mpfr-2.4.1-6.el6.x86_64
Installing libutempter-1.1.5-4.1.el6.x86_64
Installing libIDL-0.8.13-2.1.el6.x86_64
Installing ORBit2-2.14.17-3.1.el6.x86_64
Installing libbonobo-2.24.2-5.el6.x86_64
Installing vim-minimal-7.2.411-1.8.el6.x86_64
Installing patch-2.6-6.el6.x86_64
Installing net-tools-1.60-110.el6_2.x86_64
Installing tar-1.23-7.el6.x86_64
Installing nss-softokn-3.12.9-11.el6.x86_64
Installing acl-2.2.49-6.el6.x86_64
Installing jasper-libs-1.900.1-15.el6_1.1.x86_64
Installing nspr-devel-4.9-1.el6.x86_64
Installing popt-devel-1.13-7.el6.x86_64
Installing libss-1.41.12-12.el6.x86_64
Installing e2fsprogs-1.41.12-12.el6.x86_64
Installing libunistring-0.9.3-5.el6.x86_64
Installing boost-thread-1.41.0-11.el6_1.2.x86_64
Installing boost-date-time-1.41.0-11.el6_1.2.x86_64
Installing libusb-0.1.12-23.el6.x86_64
Installing ncurses-5.7-3.20090208.el6.x86_64
Installing groff-1.18.1.4-21.el6.x86_64
Installing less-436-10.el6.x86_64
Installing coreutils-libs-8.4-19.el6.x86_64
Installing gzip-1.3.12-18.el6.x86_64
Installing cracklib-2.8.16-4.el6.x86_64
Installing cracklib-dicts-2.8.16-4.el6.x86_64
Installing coreutils-8.4-19.el6.x86_64
Installing pam-1.1.1-10.el6_2.1.x86_64
Installing fontconfig-2.8.0-3.el6.x86_64
Installing openssl-1.0.0-20.el6_2.5.x86_64
Installing alsa-lib-1.0.22-3.el6.x86_64
Installing module-init-tools-3.9-20.el6.x86_64
Installing libXft-2.1.13-4.1.el6.x86_64
Installing sgml-common-0.6.3-32.el6.noarch
Installing hwdata-0.233-7.8.el6.noarch
Installing qt-4.6.2-24.el6.x86_64
Installing jpackage-utils-1.7.5-3.12.el6.noarch
Installing xdg-utils-1.0.2-17.20091016cvs.el6.noarch
Installing docbook-dtds-1.0-51.el6.noarch
Installing gd-2.0.35-10.el6.x86_64
Installing fontconfig-devel-2.8.0-3.el6.x86_64
Installing sysvinit-tools-2.87-4.dsf.el6.x86_64
Installing libffi-3.0.5-3.2.el6.x86_64
Installing python-libs-2.6.6-29.el6_2.2.x86_64
Installing python-2.6.6-29.el6_2.2.x86_64
Installing libxml2-devel-2.7.6-4.el6_2.4.x86_64
Installing newt-python-0.52.11-3.el6.x86_64
Installing python-iniparse-0.3.1-2.1.el6.noarch
Installing dbus-python-0.83.0-6.1.el6.x86_64
Installing libxml2-python-2.7.6-4.el6_2.4.x86_64
Installing python-ethtool-0.6-1.el6.x86_64
Installing pygobject2-2.20.0-5.el6.x86_64
Installing lm_sensors-libs-3.1.1-10.el6.x86_64
Installing libpcap-1.0.0-6.20091201git117cb5.el6.x86_64
Installing libusb1-1.0.9-0.5.rc1.el6.x86_64
Installing pixman-0.18.4-1.el6_0.1.x86_64
Installing cairo-1.8.8-3.1.el6.x86_64
Installing pycairo-1.8.6-2.1.el6.x86_64
Installing libtasn1-2.3-3.el6_2.1.x86_64
Installing gnutls-2.8.5-4.el6_2.2.x86_64
Installing cups-libs-1.4.2-48.el6.x86_64
Installing libtool-ltdl-2.2.6-15.5.el6.x86_64
Installing libasyncns-0.8-1.1.el6.x86_64
Installing lcms-libs-1.19-1.el6.x86_64
Installing libmng-1.0.10-4.1.el6.x86_64
Installing usbredir-0.4.3-1.el6.x86_64
Installing python-dmidecode-3.10.13-1.el6.x86_64
Installing authconfig-6.1.12-10.el6.x86_64
Installing python-simplejson-2.0.9-3.1.el6.x86_64
Installing m2crypto-0.20.2-9.el6.x86_64
Installing pyOpenSSL-0.10-2.el6.x86_64
Installing boost-python-1.41.0-11.el6_1.2.x86_64
Installing libssh2-1.2.2-7.el6_2.3.x86_64
Installing ConsoleKit-libs-0.4.1-3.el6.x86_64
Installing logrotate-3.7.8-15.el6.x86_64
Installing redhat-logos-60.0.14-1.el6.noarch
Installing rpcbind-0.2.0-9.el6.x86_64
Installing plymouth-scripts-0.8.3-24.el6.x86_64
Installing hicolor-icon-theme-0.11-1.1.el6.noarch
Installing boost-wave-1.41.0-11.el6_1.2.x86_64
Installing libipa_hbac-1.8.0-32.el6.x86_64
Installing nss-util-devel-3.13.3-2.el6.x86_64
Installing xz-lzma-compat-4.999.9-0.3.beta.20091007git.el6.x86_64
Installing perl-IO-Compress-Zlib-2.020-127.el6.x86_64
Installing perl-Compress-Zlib-2.020-127.el6.x86_64
Installing perl-IO-Zlib-1.09-127.el6.x86_64
Installing perl-Archive-Tar-1.58-127.el6.x86_64
Installing perl-Log-Message-Simple-0.04-127.el6.x86_64
Installing perl-Term-UI-0.20-127.el6.x86_64
Installing perl-File-Fetch-0.26-127.el6.x86_64
Installing perl-Archive-Extract-0.38-127.el6.x86_64
Installing perl-ExtUtils-CBuilder-0.27-127.el6.x86_64
Installing perl-Object-Accessor-0.34-127.el6.x86_64
Installing dbus-glib-devel-0.86-5.el6.x86_64
Installing autoconf-2.63-5.1.el6.noarch
Installing automake-1.11.1-1.2.el6.noarch
Installing perl-Error-0.17015-4.el6.noarch
Installing hivex-1.3.3-4.el6.x86_64
Installing perl-hivex-1.3.3-4.el6.x86_64
Installing perl-DBI-1.609-4.el6.x86_64
Installing perl-Module-Loaded-0.02-127.el6.x86_64
Installing perl-Module-CoreList-2.18-127.el6.x86_64
Installing perl-Digest-SHA-5.47-127.el6.x86_64
Installing perl-Compress-Raw-Bzip2-2.020-127.el6.x86_64
Installing librdmacm-1.0.15-2.el6.x86_64
Installing libibcm-1.0.5-3.el6.x86_64
Installing libXxf86vm-1.1.0-1.el6.x86_64
Installing giflib-4.1.6-3.1.el6.x86_64
Installing ibus-libs-1.3.4-6.el6.x86_64
Installing iproute-2.6.32-20.el6.x86_64
Installing elfutils-0.152-1.el6.x86_64
Installing crash-6.0.4-2.el6.x86_64
Installing grubby-7.0.15-3.el6.x86_64
Installing libtheora-1.1.0-2.el6.x86_64
Installing cyrus-sasl-gssapi-2.1.23-13.el6.x86_64
Installing keyutils-1.4-4.el6.x86_64
Installing libcroco-0.6.2-5.el6.x86_64
Installing augeas-libs-0.9.0-4.el6.x86_64
Installing libselinux-utils-2.0.94-5.3.el6.x86_64
Installing checkpolicy-2.0.22-1.el6.x86_64
Installing elfutils-libelf-devel-0.152-1.el6.x86_64
Installing db4-utils-4.7.25-17.el6.x86_64
Installing apr-1.3.9-3.el6_1.2.x86_64
Installing bc-1.06.95-1.el6.x86_64
Installing unzip-6.0-1.el6.x86_64
Installing boost-iostreams-1.41.0-11.el6_1.2.x86_64
Installing libnih-1.0.1-7.el6.x86_64
Installing upstart-0.6.5-12.el6.x86_64
Installing make-3.81-20.el6.x86_64
Installing libgomp-4.4.6-4.el6.x86_64
Installing boost-serialization-1.41.0-11.el6_1.2.x86_64
Installing boost-test-1.41.0-11.el6_1.2.x86_64
Installing boost-signals-1.41.0-11.el6_1.2.x86_64
Installing libicu-4.2.1-9.1.el6_2.x86_64
Installing boost-regex-1.41.0-11.el6_1.2.x86_64
Installing boost-graph-1.41.0-11.el6_1.2.x86_64
Installing libtar-1.2.11-17.el6.x86_64
Installing libfontenc-1.0.5-2.el6.x86_64
Installing libedit-2.11-4.20080712cvs.1.el6.x86_64
Installing zip-3.0-1.el6.x86_64
Installing dosfstools-3.0.9-4.el6.x86_64
Installing btparser-0.16-3.el6.x86_64
Installing plpa-libs-1.3.2-2.1.el6.x86_64
Installing tcl-8.5.7-6.el6.x86_64
Installing pth-2.0.7-9.3.el6.x86_64
Installing lzo-2.03-3.1.el6.x86_64
Installing gpm-libs-1.20.6-12.el6.x86_64
Installing libcollection-0.6.0-9.el6.x86_64
Installing dmidecode-2.11-2.el6.x86_64
Installing libical-0.43-5.1.el6.x86_64
Installing openjpeg-libs-1.3-7.el6.x86_64
Installing cjkuni-fonts-common-0.2.20080216.1-35.el6.noarch
Installing libical-devel-0.43-5.1.el6.x86_64
Installing lzop-1.02-0.9.rc1.el6.x86_64
Installing expect-5.44.1.15-4.el6.x86_64
Installing environment-modules-3.2.7b-6.el6.x86_64
Installing libXfont-1.4.1-2.el6_1.x86_64
Installing xorg-x11-font-utils-7.2-11.el6.x86_64
Installing ghostscript-fonts-5.50-23.1.el6.noarch
Installing boost-1.41.0-11.el6_1.2.x86_64
Installing apr-util-1.3.9-3.el6_0.1.x86_64
Installing elfutils-devel-0.152-1.el6.x86_64
Installing netcf-libs-0.1.9-2.el6.x86_64
Installing libcroco-devel-0.6.2-5.el6.x86_64
Installing perl-IO-Compress-Bzip2-2.020-127.el6.x86_64
Installing perl-CPAN-1.9402-127.el6.x86_64
Installing perl-DBD-SQLite-1.27-3.el6.x86_64
Installing perl-DBIx-Simple-1.32-3.el6.noarch
Installing perl-Module-Build-0.3500-127.el6.x86_64
Installing libipa_hbac-python-1.8.0-32.el6.x86_64
Installing grub-0.97-77.el6.x86_64
Installing rhnlib-2.5.22-12.el6.noarch
Installing python-rhsm-0.99.12-1.el6.noarch
Installing qemu-img-0.12.1.2-2.295.el6.x86_64
Installing qt3-3.3.8b-30.el6.x86_64
Installing unixODBC-2.2.14-11.el6.x86_64
Installing gnutls-utils-2.8.5-4.el6_2.2.x86_64
Installing pixman-devel-0.18.4-1.el6_0.1.x86_64
Installing lm_sensors-devel-3.1.1-10.el6.x86_64
Installing python-gudev-147.1-4.el6_0.1.x86_64
Installing blktrace-1.0.1-6.el6.x86_64
Installing python-devel-2.6.6-29.el6_2.2.x86_64
Installing python-krbV-1.0.90-3.el6.x86_64
Installing PyXML-0.8.4-19.el6.x86_64
Installing yum-metadata-parser-1.1.2-16.el6.x86_64
Installing pyxdg-0.18-1.el6.noarch
Installing python-kerberos-1.1-6.2.el6.x86_64
Installing python-netaddr-0.7.5-4.el6.noarch
Installing python-lxml-2.2.3-1.1.el6.x86_64
Installing pytz-2010h-2.el6.noarch
Installing python-dateutil-1.4.1-6.el6.noarch
Installing python-crypto-2.0.1-22.el6.x86_64
Installing python-paramiko-1.7.5-2.1.el6.noarch
Installing libproxy-bin-0.3.0-2.el6.x86_64
Installing libproxy-0.3.0-2.el6.x86_64
Installing libproxy-python-0.3.0-2.el6.x86_64
Installing python-setuptools-0.6.10-3.el6.noarch
Installing python-nose-0.10.4-3.1.el6.noarch
Installing gdb-7.2-56.el6.x86_64
Installing docbook-style-xsl-1.75.2-6.el6.noarch
Installing qt-sqlite-4.6.2-24.el6.x86_64
Installing pciutils-3.1.4-11.el6.x86_64
Installing opensp-1.5.2-12.1.el6.x86_64
Installing openjade-1.3.2-36.el6.x86_64
Installing perl-SGMLSpm-1.03ii-21.el6.noarch
Installing docbook-style-dsssl-1.79-10.el6.noarch
Installing openmotif-2.3.3-4.el6.x86_64
Installing wget-1.12-1.4.el6.x86_64
Installing bind-libs-9.8.2-0.10.rc1.el6.x86_64
Installing bind-utils-9.8.2-0.10.rc1.el6.x86_64
Installing mysql-libs-5.1.61-4.el6.x86_64
Installing fipscheck-lib-1.2.0-7.el6.x86_64
Installing fipscheck-1.2.0-7.el6.x86_64
Installing cyrus-sasl-md5-2.1.23-13.el6.x86_64
Installing urw-fonts-2.4-10.el6.noarch
Installing ghostscript-8.70-14.el6.x86_64
Installing krb5-workstation-1.9-33.el6.x86_64
Installing pam_krb5-2.3.11-9.el6.x86_64
Installing at-3.1.10-43.el6_2.1.x86_64
Installing cvs-1.11.23-11.el6_2.1.x86_64
Installing gettext-0.17-16.el6.x86_64
Installing sssd-client-1.8.0-32.el6.x86_64
Installing genisoimage-1.1.9-11.el6.x86_64
Installing nss-3.13.3-6.el6.x86_64
Installing nss-sysinit-3.13.3-6.el6.x86_64
Installing mailx-12.4-6.el6.x86_64
Installing nss-tools-3.13.3-6.el6.x86_64
Installing openldap-2.4.23-26.el6.x86_64
Installing libcurl-7.19.7-26.el6_2.4.x86_64
Installing xmlrpc-c-client-1.16.24-1209.1840.el6.x86_64
Installing libreport-plugin-rhtsupport-2.0.9-5.el6.x86_64
Installing libreport-python-2.0.9-5.el6.x86_64
Installing libreport-2.0.9-5.el6.x86_64
Installing libreport-plugin-reportuploader-2.0.9-5.el6.x86_64
Installing curl-7.19.7-26.el6_2.4.x86_64
Installing rpm-libs-4.8.0-27.el6.x86_64
Installing rpm-4.8.0-27.el6.x86_64
Installing net-snmp-libs-5.5-41.el6.x86_64
Installing rpm-python-4.8.0-27.el6.x86_64
Installing abrt-2.0.8-6.el6.x86_64
Installing man-1.6f-30.el6.x86_64
Installing libuser-0.56.13-5.el6.x86_64
Installing passwd-0.77-4.el6_2.2.x86_64
Installing postgresql-libs-8.4.11-1.el6_2.x86_64
Installing samba-winbind-clients-3.5.10-125.el6.x86_64
Installing abrt-addon-ccpp-2.0.8-6.el6.x86_64
Installing abrt-addon-python-2.0.8-6.el6.x86_64
Installing libreport-plugin-kerneloops-2.0.9-5.el6.x86_64
Installing abrt-addon-kerneloops-2.0.8-6.el6.x86_64
Installing libreport-plugin-mailx-2.0.9-5.el6.x86_64
Installing libreport-plugin-logger-2.0.9-5.el6.x86_64
Installing libreport-cli-2.0.9-5.el6.x86_64
Installing abrt-tui-2.0.8-6.el6.x86_64
Installing python-pycurl-7.19.0-8.el6.x86_64
Installing python-urlgrabber-3.9.1-8.el6.noarch
Installing python-ldap-2.3.10-1.el6.x86_64
Installing libldb-0.9.10-23.el6.x86_64
Installing nss_compat_ossl-0.9.6-1.el6.x86_64
Installing elinks-0.12-0.20.pre5.el6.x86_64
Installing docbook-utils-0.6.14-24.el6.noarch
Installing python-nss-0.11-3.el6.x86_64
Installing t1lib-5.1.2-6.el6_2.1.x86_64
Installing dvipng-1.11-3.2.el6.x86_64
Installing sound-theme-freedesktop-0.7-3.el6.noarch
Installing pygobject2-codegen-2.20.0-5.el6.x86_64
Installing jline-0.9.94-0.8.el6.noarch
Installing rhino-1.7-0.7.r2.2.el6.noarch
Installing libIDL-devel-0.8.13-2.1.el6.x86_64
Installing cpp-4.4.6-4.el6.x86_64
Installing libxcb-devel-1.5-1.el6.x86_64
Installing perl-ExtUtils-Embed-1.28-127.el6.x86_64
Installing perl-Newt-1.08-26.el6.x86_64
Installing perl-parent-0.221-127.el6.x86_64
Installing perl-Time-Piece-1.15-127.el6.x86_64
Installing perl-Time-HiRes-1.9721-127.el6.x86_64
Installing perl-CGI-3.51-127.el6.x86_64
Installing perl-Parse-CPAN-Meta-1.40-127.el6.x86_64
Installing perl-CPANPLUS-0.88-127.el6.x86_64
Installing perl-Devel-Symdump-2.08-2.el6.noarch
Installing perl-Pod-Coverage-0.20-4.el6.noarch
Installing perl-HTML-Tagset-3.20-4.el6.noarch
Installing perl-HTML-Parser-3.64-2.el6.x86_64
Installing libXaw-1.0.6-4.1.el6.x86_64
Installing libotf-0.9.9-3.1.el6.x86_64
Installing xorg-x11-xauth-1.0.2-7.1.el6.x86_64
Installing libXv-1.0.5-1.el6.x86_64
Installing libXres-1.0.4-1.el6.x86_64
Installing libXxf86misc-1.0.2-1.el6.x86_64
Installing gnuplot-common-4.2.6-2.el6.x86_64
Installing gnuplot-4.2.6-2.el6.x86_64
Installing dbus-x11-1.2.24-5.el6_1.x86_64
Installing xcb-util-0.3.6-1.el6.x86_64
Installing startup-notification-0.10-2.1.el6.x86_64
Installing atlas-3.8.4-2.el6.x86_64
Installing numpy-1.4.1-9.el6.x86_64
Installing iptables-ipv6-1.4.7-5.1.el6_2.x86_64
Installing system-config-firewall-base-1.2.27-5.el6.noarch
Installing tmpwatch-2.9.16-4.el6.x86_64
Installing file-devel-5.04-13.el6.x86_64
Installing rpm-devel-4.8.0-27.el6.x86_64
Installing btrfs-progs-0.19-12.el6.x86_64
Installing iw-0.9.17-4.el6.x86_64
Installing libidn-devel-1.18-2.el6.x86_64
Installing gstreamer-tools-0.10.29-1.el6.x86_64
Installing gstreamer-0.10.29-1.el6.x86_64
Installing flac-1.2.1-6.1.el6.x86_64
Installing libsndfile-1.0.20-5.el6.x86_64
Installing pulseaudio-libs-0.9.21-13.el6.x86_64
Installing libcanberra-0.22-1.el6.x86_64
Installing pulseaudio-libs-zeroconf-0.9.21-13.el6.x86_64
Installing pulseaudio-libs-glib2-0.9.21-13.el6.x86_64
Installing celt051-0.5.1.3-0.el6.x86_64
Installing spice-server-0.10.1-10.el6.x86_64
Installing libatasmart-0.17-4.el6_2.x86_64
Installing libgpg-error-devel-1.7-4.el6.x86_64
Installing libgcrypt-devel-1.4.5-9.el6_2.2.x86_64
Installing libxslt-devel-1.1.26-2.el6.x86_64
Installing gnutls-devel-2.8.5-4.el6_2.2.x86_64
Installing kernel-devel-2.6.32-279.el6.x86_64
Installing keyutils-libs-devel-1.4-4.el6.x86_64
Installing ppl-0.10.2-11.el6.x86_64
Installing cloog-ppl-0.15.7-1.2.el6.x86_64
Installing eggdbus-0.6-3.el6.x86_64
Installing polkit-0.96-2.el6_0.1.x86_64
Installing ConsoleKit-0.4.1-3.el6.x86_64
Installing GConf2-2.28.0-6.el6.x86_64
Installing libgsf-1.14.15-5.el6.x86_64
Installing libgsf-devel-1.14.15-5.el6.x86_64
Installing ConsoleKit-x11-0.4.1-3.el6.x86_64
Installing lockdev-1.0.1-18.el6.x86_64
Installing MAKEDEV-3.24-6.el6.x86_64
Installing nc-1.84-22.el6.x86_64
Installing shared-mime-info-0.70-4.el6.x86_64
Installing lsof-4.82-4.el6.x86_64
Installing libsepol-devel-2.0.41-4.el6.x86_64
Installing libselinux-devel-2.0.94-5.3.el6.x86_64
Installing tcp_wrappers-devel-7.6-57.el6.x86_64
Installing tcp_wrappers-7.6-57.el6.x86_64
Installing sqlite-devel-3.6.20-1.el6.x86_64
Installing libICE-devel-1.0.6-1.el6.x86_64
Installing libSM-devel-1.1.0-7.1.el6.x86_64
Installing rsync-3.0.6-9.el6.x86_64
Installing infinipath-psm-2.9-926.1005_open.2.el6.x86_64
Installing compat-openmpi-psm-1.4.3-1.el6.x86_64
Installing libjpeg-devel-6b-46.el6.x86_64
Installing pinentry-0.7.6-6.el6.x86_64
Installing gnupg2-2.0.14-4.el6.x86_64
Installing ipa-python-2.2.0-16.el6.x86_64
Installing gpgme-1.1.8-3.el6.x86_64
Installing pygpgme-0.1-18.20090824bzr68.el6.x86_64
Installing yum-3.2.29-30.el6.noarch
Installing rhn-client-tools-1.0.0-87.el6.noarch
Installing portreserve-0.0.4-9.el6.x86_64
Installing libcom_err-devel-1.41.12-12.el6.x86_64
Installing krb5-devel-1.9-33.el6.x86_64
Installing openssl-devel-1.0.0-20.el6_2.5.x86_64
Installing mtools-4.0.12-1.el6.x86_64
Installing ed-1.1-3.3.el6.x86_64
Installing time-1.7-37.1.el6.x86_64
Installing indent-2.2.10-7.el6.x86_64
Installing check-0.9.8-1.1.el6.x86_64
Installing check-devel-0.9.8-1.1.el6.x86_64
Installing libcdio-0.81-3.1.el6.x86_64
Installing hunspell-1.2.8-16.el6.x86_64
Installing libstdc++-devel-4.4.6-4.el6.x86_64
Installing compat-db43-4.3.29-15.el6.x86_64
Installing compat-db42-4.2.52-15.el6.x86_64
Installing db4-cxx-4.7.25-17.el6.x86_64
Installing saslwrapper-0.14-1.el6.x86_64
Installing python-saslwrapper-0.14-1.el6.x86_64
Installing python-qpid-0.14-8.el6.noarch
Installing gettext-libs-0.17-16.el6.x86_64
Installing ncurses-devel-5.7-3.20090208.el6.x86_64
Installing attr-2.4.44-7.el6.x86_64
Installing libattr-devel-2.4.44-7.el6.x86_64
Installing libhugetlbfs-2.12-2.el6.x86_64
Installing glibc-headers-2.12-1.80.el6.x86_64
Installing glibc-devel-2.12-1.80.el6.x86_64
Installing gcc-4.4.6-4.el6.x86_64
Installing compat-gcc-34-3.4.6-19.el6.x86_64
Installing pygtk2-codegen-2.16.0-3.el6.x86_64
Installing vim-common-7.2.411-1.8.el6.x86_64
Installing psutils-1.17-34.el6.x86_64
Installing cdparanoia-libs-10.2-5.1.el6.x86_64
Installing compat-readline5-5.2-17.1.el6.x86_64
Installing ruby-libs-1.8.7.352-7.el6_2.x86_64
Installing ruby-1.8.7.352-7.el6_2.x86_64
Installing pax-3.4-10.1.el6.x86_64
Installing scrub-2.2-1.el6.x86_64
Installing sgpio-1.2.0.10-5.el6.x86_64
Installing ethtool-2.6.33-0.3.el6.x86_64
Installing strace-4.5.19-1.11.el6_2.1.x86_64
Installing trace-cmd-1.0.5-7.el6.x86_64
Installing ctags-5.8-2.el6.x86_64
Installing hesiod-3.1.0-19.el6.x86_64
Installing m17n-lib-1.5.5-2.el6_1.1.x86_64
Installing mingetty-1.08-5.el6.x86_64
Installing lrzsz-0.12.20-27.1.el6.x86_64
Installing libevent-1.4.13-4.el6.x86_64
Installing plymouth-core-libs-0.8.3-24.el6.x86_64
Installing hdparm-9.16-3.4.el6.x86_64
Installing libdhash-0.4.2-9.el6.x86_64
Installing c-ares-1.7.0-6.el6.x86_64
Installing dash-0.5.5.1-3.1.el6.x86_64
Installing libref_array-0.1.1-9.el6.x86_64
Installing libpath_utils-0.2.1-9.el6.x86_64
Installing libini_config-0.6.1-9.el6.x86_64
Installing ustr-1.0.4-9.1.el6.x86_64
Installing libsemanage-2.0.43-4.1.el6.x86_64
Installing yajl-1.0.7-3.el6.x86_64
Installing pakchois-0.4-3.2.el6.x86_64
Installing neon-0.29.3-2.el6.x86_64
Installing libthai-0.1.12-3.el6.x86_64
Installing pango-1.28.1-3.el6_0.5.x86_64
Installing gtk2-2.18.9-10.el6.x86_64
Installing libglade2-2.6.4-3.1.el6.x86_64
Installing gnome-keyring-2.28.2-7.el6.x86_64
Installing libsoup-2.28.2-1.el6_1.1.x86_64
Installing libgnomecanvas-2.26.0-4.el6.x86_64
Installing librsvg2-2.26.0-5.el6_1.1.x86_64
Installing libgweather-2.28.0-5.el6.x86_64
Installing libcanberra-gtk2-0.22-1.el6.x86_64
Installing pygtk2-2.16.0-3.el6.x86_64
Installing libgxim-0.3.3-3.1.el6.x86_64
Installing imsettings-libs-0.108.0-3.6.el6.x86_64
Installing evolution-data-server-2.28.3-15.el6.x86_64
Installing libfprint-0.1.0-19.pre2.el6.x86_64
Installing fprintd-0.1-20.git04fd09cfa.el6.x86_64
Installing libgcj-4.4.6-4.el6.x86_64
Installing gettext-devel-0.17-16.el6.x86_64
Installing libwnck-2.28.0-3.el6.x86_64
Installing notification-daemon-0.5.0-1.el6.x86_64
Installing libnotify-0.5.0-1.el6.x86_64
Installing notify-python-0.1.1-10.el6.x86_64
Installing gtk2-engines-2.18.4-5.el6.x86_64
Installing gnome-icon-theme-2.28.0-2.el6.noarch
Installing gnome-themes-2.28.1-6.el6.noarch
Installing system-icon-theme-6.0.0-2.el6.noarch
Installing SDL-1.2.14-3.el6.x86_64
Installing theora-tools-1.1.0-2.el6.x86_64
Installing libXdmcp-1.0.3-1.el6.x86_64
Installing libXdmcp-devel-1.0.3-1.el6.x86_64
Installing libX11-devel-1.3-2.el6.x86_64
Installing libXext-devel-1.1-3.el6.x86_64
Installing libXrender-devel-0.9.5-1.el6.x86_64
Installing cairo-devel-1.8.8-3.1.el6.x86_64
Installing libXfixes-devel-4.0.4-1.el6.x86_64
Installing libXft-devel-2.1.13-4.1.el6.x86_64
Installing libXt-devel-1.0.7-1.el6.x86_64
Installing libXmu-devel-1.0.5-1.el6.x86_64
Installing pango-devel-1.28.1-3.el6_0.5.x86_64
Installing libXcursor-devel-1.1.10-2.el6.x86_64
Installing libXcomposite-devel-0.4.1-2.el6.x86_64
Installing pycairo-devel-1.8.6-2.1.el6.x86_64
Installing libXrandr-devel-1.3.0-4.el6.x86_64
Installing libXinerama-devel-1.1-1.el6.x86_64
Installing libXp-devel-1.0.0-15.1.el6.x86_64
Installing libXi-devel-1.3-3.el6.x86_64
Installing netpbm-10.47.05-11.el6.x86_64
Installing netpbm-progs-10.47.05-11.el6.x86_64
Installing libdaemon-0.14-1.el6.x86_64
Installing liboil-0.3.16-4.1.el6.x86_64
Installing libvisual-0.4.0-9.1.el6.x86_64
Installing gstreamer-plugins-base-0.10.29-1.el6.x86_64
Installing smp_utils-0.94-4.el6.x86_64
Installing sg3_utils-libs-1.28-4.el6.x86_64
Installing libmcpp-2.7.2-4.1.el6.x86_64
Installing mcpp-2.7.2-4.1.el6.x86_64
Installing xorg-x11-server-utils-7.5-5.2.el6.x86_64
Installing xorg-x11-xinit-1.0.9-13.el6.x86_64
Installing imsettings-0.108.0-3.6.el6.x86_64
Installing nss-softokn-freebl-devel-3.12.9-11.el6.x86_64
Installing nss-softokn-devel-3.12.9-11.el6.x86_64
Installing dejavu-fonts-common-2.30-2.el6.noarch
Installing dejavu-sans-fonts-2.30-2.el6.noarch
Installing python-matplotlib-0.99.1.2-1.el6.x86_64
Installing m17n-db-datafiles-1.5.5-1.1.el6.noarch
Installing compat-glibc-headers-2.5-46.2.x86_64
Installing texlive-texmf-errata-fonts-2007-7.1.el6.noarch
Installing poppler-data-0.4.0-1.el6.noarch
Installing poppler-0.12.4-3.el6_0.1.x86_64
Installing poppler-utils-0.12.4-3.el6_0.1.x86_64
Installing texlive-texmf-errata-latex-2007-7.1.el6.noarch
Installing texlive-texmf-errata-dvips-2007-7.1.el6.noarch
Installing texlive-texmf-dvips-2007-38.el6.noarch
Installing texlive-texmf-fonts-2007-38.el6.noarch
Installing texlive-2007-57.el6_2.x86_64
Installing texlive-dvips-2007-57.el6_2.x86_64
Installing texlive-utils-2007-57.el6_2.x86_64
Installing texlive-texmf-latex-2007-38.el6.noarch
Installing texlive-latex-2007-57.el6_2.x86_64
Installing tex-preview-11.85-10.el6.noarch
Installing dmz-cursor-themes-0.4-4.el6.noarch
Installing system-gnome-theme-60.0.2-1.el6.noarch
Installing mailcap-2.1.31-2.el6.noarch
Installing perl-libwww-perl-5.833-2.el6.noarch
Installing perl-XML-Parser-2.36-7.el6.x86_64
Installing perl-libxml-perl-0.08-10.el6.noarch
Installing gpxe-roms-qemu-0.9.7-6.9.el6.noarch
Installing sgabios-bin-0-0.3.20110621svn.el6.noarch
Installing seabios-0.6.1.2-19.el6.x86_64
Installing vgabios-0.6b-3.6.el6.noarch
Installing pygobject2-doc-2.20.0-5.el6.x86_64
Installing pygobject2-devel-2.20.0-5.el6.x86_64
Installing pygtk2-doc-2.16.0-3.el6.noarch
Installing busybox-1.15.1-15.el6.x86_64
Installing kbd-misc-1.15-11.el6.noarch
Installing tzdata-java-2012c-1.el6.noarch
Installing java-1.6.0-openjdk-1.6.0.0-1.45.1.11.1.el6.x86_64
Installing jna-3.2.4-2.el6.x86_64
Installing redhat-release-server-6Server-6.3.0.3.el6.x86_64
Installing iputils-20071127-16.el6.x86_64
Installing util-linux-ng-2.17.2-12.7.el6.x86_64
Installing initscripts-9.03.31-2.el6.x86_64
Installing udev-147-2.41.el6.x86_64
Installing mdadm-3.2.3-9.el6.x86_64
Installing device-mapper-libs-1.02.74-10.el6.x86_64
Installing device-mapper-1.02.74-10.el6.x86_64
Installing device-mapper-event-libs-1.02.74-10.el6.x86_64
Installing cups-1.4.2-48.el6.x86_64
Installing qpid-cpp-client-0.14-16.el6.x86_64
Installing cyrus-sasl-2.1.23-13.el6.x86_64
Installing usermode-1.102-3.el6.x86_64
Installing postfix-2.6.6-2.2.el6_1.x86_64
Installing qpid-qmf-0.14-7.el6_2.x86_64
Installing python-qpid-qmf-0.14-7.el6_2.x86_64
Installing device-mapper-event-1.02.74-10.el6.x86_64
Installing parted-2.1-18.el6.x86_64
Installing cryptsetup-luks-libs-1.2.0-7.el6.x86_64
Installing cryptsetup-luks-1.2.0-7.el6.x86_64
Installing kpartx-0.4.9-56.el6.x86_64
Installing emacs-common-23.1-21.el6_2.3.x86_64
Installing kbd-1.15-11.el6.x86_64
Installing pm-utils-1.2.5-9.el6.x86_64
Installing hal-info-20090716-3.1.el6.noarch
Installing hal-0.5.14-11.el6.x86_64
Installing libvirt-client-0.9.10-21.el6.x86_64
Installing policycoreutils-2.0.83-19.24.el6.x86_64
Installing libcgroup-0.37-4.el6.x86_64
Installing openssh-5.3p1-81.el6.x86_64
Installing openssh-clients-5.3p1-81.el6.x86_64
Installing perl-Git-1.7.1-2.el6_0.1.noarch
Installing git-1.7.1-2.el6_0.1.x86_64
Installing selinux-policy-3.7.19-154.el6.noarch
Installing selinux-policy-targeted-3.7.19-154.el6.noarch
Installing libvirt-java-0.4.7-1.el6.noarch
Installing hal-devel-0.5.14-11.el6.x86_64
Installing emacs-nox-23.1-21.el6_2.3.x86_64
Installing emacs-23.1-21.el6_2.3.x86_64
Installing dmraid-1.0.0.rc16-11.el6.x86_64
Installing dmraid-events-1.0.0.rc16-11.el6.x86_64
Installing udisks-1.0.1-4.el6.x86_64
Installing gnome-disk-utility-libs-2.30.1-2.el6.x86_64
Installing lvm2-libs-2.02.95-10.el6.x86_64
Installing lvm2-2.02.95-10.el6.x86_64
Installing rhnsd-4.9.3-2.el6.x86_64
Installing rhn-setup-1.0.0-87.el6.noarch
Installing yum-rhn-plugin-0.9.1-40.el6.noarch
Installing rhn-check-1.0.0-87.el6.noarch
Installing cyrus-sasl-devel-2.1.23-13.el6.x86_64
Installing foomatic-db-ppds-4.0-7.20091126.el6.noarch
Installing foomatic-db-4.0-7.20091126.el6.noarch
Installing foomatic-4.0.4-1.el6_1.1.x86_64
Installing redhat-lsb-printing-4.0-3.el6.x86_64
Installing crda-1.1.1_2010.11.22-1.el6.x86_64
Installing wireless-tools-29-5.1.1.el6.x86_64
Installing python-iwlib-0.1-1.2.el6.x86_64
Installing certmonger-0.56-1.el6.x86_64
Installing oddjob-0.30-5.el6.x86_64
Installing oddjob-mkhomedir-0.30-5.el6.x86_64
Installing rsyslog-5.8.10-2.el6.x86_64
Installing crontabs-1.10-33.el6.noarch
Installing cronie-anacron-1.4.4-7.el6.x86_64
Installing cronie-1.4.4-7.el6.x86_64
Installing ntpdate-4.2.4p8-2.el6.x86_64
Installing ntp-4.2.4p8-2.el6.x86_64
Installing yp-tools-2.9-12.el6.x86_64
Installing ypbind-1.20.4-29.el6.x86_64
Installing sssd-1.8.0-32.el6.x86_64
Installing qemu-kvm-0.12.1.2-2.295.el6.x86_64
Installing postgresql-8.4.11-1.el6_2.x86_64
Installing samba-common-3.5.10-125.el6.x86_64
Installing xinetd-2.3.14-34.el6.x86_64
Installing avahi-0.6.25-11.el6.x86_64
Installing avahi-glib-0.6.25-11.el6.x86_64
Installing gnome-vfs2-2.24.2-6.el6.x86_64
Installing libgnome-2.28.0-11.el6.x86_64
Installing libbonoboui-2.24.2-3.el6.x86_64
Installing libgnomeui-2.24.1-4.el6.x86_64
Installing im-chooser-1.3.1-3.el6.x86_64
Installing ibus-gtk-1.3.4-6.el6.x86_64
Installing ibus-1.3.4-6.el6.x86_64
Installing ibus-table-1.2.0.20100111-4.el6.noarch
Installing gvfs-1.4.3-12.el6.x86_64
Installing virt-what-1.11-1.1.el6.x86_64
Installing nfs-utils-lib-1.1.5-4.el6.x86_64
Installing nfs-utils-1.2.3-26.el6.x86_64
Installing febootstrap-supermin-helper-3.12-1.el6.x86_64
Installing rarian-0.8.1-5.1.el6.x86_64
Installing rarian-compat-0.8.1-5.1.el6.x86_64
Installing gtk-doc-1.11-5.1.el6.noarch
Installing ORBit2-devel-2.14.17-3.1.el6.x86_64
Installing GConf2-devel-2.28.0-6.el6.x86_64
Installing libbonobo-devel-2.24.2-5.el6.x86_64
Installing libsoup-devel-2.28.2-1.el6_1.1.x86_64
Installing gnome-vfs2-devel-2.24.2-6.el6.x86_64
Installing polkit-devel-0.96-2.el6_0.1.x86_64
Installing polkit-docs-0.96-2.el6_0.1.x86_64
Installing atk-devel-1.28.0-2.el6.x86_64
Installing gtk2-devel-2.18.9-10.el6.x86_64
Installing libglade2-devel-2.6.4-3.1.el6.x86_64
Installing libgweather-devel-2.28.0-5.el6.x86_64
Installing evolution-data-server-doc-2.28.3-15.el6.noarch
Installing dhcp-common-4.1.1-31.P1.el6.x86_64
Installing kernel-firmware-2.6.32-279.el6.noarch
Installing libdrm-2.4.25-2.el6.x86_64
Installing plymouth-0.8.3-24.el6.x86_64
Installing dracut-004-283.el6.noarch
Installing dracut-kernel-004-283.el6.noarch
Installing kernel-2.6.32-279.el6.x86_64
Installing systemtap-runtime-1.7-5.el6.x86_64
Installing systemtap-client-1.7-5.el6.x86_64
Installing systemtap-devel-1.7-5.el6.x86_64
Installing systemtap-1.7-5.el6.x86_64
Installing mesa-dri-drivers-7.11-5.el6.x86_64
Installing mesa-libGL-7.11-5.el6.x86_64
Installing mesa-libGLU-7.11-5.el6.x86_64
Installing qt-x11-4.6.2-24.el6.x86_64
Installing phonon-backend-gstreamer-4.6.2-24.el6.x86_64
Installing redhat-lsb-graphics-4.0-3.el6.x86_64
Installing redhat-lsb-4.0-3.el6.x86_64
Installing systemtap-initscript-1.7-5.el6.x86_64
Installing pcmciautils-015-4.2.el6.x86_64
Installing autofs-5.0.5-54.el6.x86_64
Installing libguestfs-1.16.19-1.el6.x86_64
Installing kexec-tools-2.0.0-245.el6.x86_64
Installing dhclient-4.1.1-31.P1.el6.x86_64
Installing evolution-data-server-devel-2.28.3-15.el6.x86_64
Installing libcanberra-devel-0.22-1.el6.x86_64
Installing libnotify-devel-0.5.0-1.el6.x86_64
Installing librsvg2-devel-2.26.0-5.el6_1.1.x86_64
Installing libgnome-devel-2.28.0-11.el6.x86_64
Installing libacl-devel-2.2.49-6.el6.x86_64
Installing subscription-manager-0.99.19-1.el6.x86_64
Installing gvfs-devel-1.4.3-12.el6.x86_64
Installing ibus-table-cangjie-1.2.0.20100210-1.el6.noarch
Installing ibus-table-erbi-1.2.0.20090901-8.el6.noarch
Installing ibus-table-wubi-1.2.0.20090715-8.el6.noarch
Installing tftp-server-0.49-7.el6.x86_64
Installing samba-client-3.5.10-125.el6.x86_64
Installing postgresql-devel-8.4.11-1.el6_2.x86_64
Installing ipa-client-2.2.0-16.el6.x86_64
Installing sysstat-9.0.4-20.el6.x86_64
Installing system-config-network-tui-1.6.0.el6.2-1.el6.noarch
Installing openldap-devel-2.4.23-26.el6.x86_64
Installing emacs-gnuplot-4.2.6-2.el6.x86_64
Installing emacs-auctex-11.85-10.el6.noarch
Installing libvirt-java-devel-0.4.7-1.el6.noarch
Installing cachefilesd-0.10.2-1.el6.x86_64
Installing openssh-server-5.3p1-81.el6.x86_64
Installing libcgroup-devel-0.37-4.el6.x86_64
Installing numad-0.5-4.20120522git.el6.x86_64
Installing libvirt-devel-0.9.10-21.el6.x86_64
Installing qpid-tests-0.14-1.el6_2.noarch
Installing qpid-tools-0.14-2.el6_2.noarch
Installing ruby-qpid-qmf-0.14-7.el6_2.x86_64
Installing setuptool-1.19.9-3.el6.x86_64
Installing mc-4.7.0.2-3.el6.x86_64
Installing bfa-firmware-3.0.0.0-1.el6.noarch
Installing iwl5150-firmware-8.24.2.2-1.el6.noarch
Installing iwl100-firmware-39.31.5.1-1.el6.noarch
Installing iwl6050-firmware-41.28.5.1-2.el6.noarch
Installing b43-openfwwf-5.2-4.el6.noarch
Installing iwl6000g2a-firmware-17.168.5.3-1.el6.noarch
Installing aic94xx-firmware-30-2.el6.noarch
Installing iwl6000-firmware-9.221.4.1-1.el6.noarch
Installing iwl1000-firmware-39.31.5.1-1.el6.noarch
Installing biosdevname-0.3.11-1.el6.x86_64
Installing uuidd-2.17.2-12.7.el6.x86_64
Installing conman-0.2.5-2.4.el6.x86_64
Installing quota-3.17-16.el6.x86_64
Installing acpid-1.0.10-2.1.el6.x86_64
Installing rng-tools-2-13.el6_2.x86_64
Installing readahead-1.5.6-1.el6.x86_64
Installing microcode_ctl-1.17-11.el6.x86_64
Installing cpuspeed-1.5-15.el6.x86_64
Installing smartmontools-5.42-2.el6.x86_64
Installing subversion-1.6.11-7.el6.x86_64
Installing openswan-2.6.32-16.el6.x86_64
Installing net-snmp-5.5-41.el6.x86_64
Installing prelink-0.4.6-3.el6.x86_64
Installing pygtk2-devel-2.16.0-3.el6.x86_64
Installing perl-XML-Grove-0.46alpha-40.el6.noarch
Installing intltool-0.41.0-1.1.el6.noarch
Installing perl-XML-Twig-3.34-1.el6.noarch
Installing compat-glibc-2.5-46.2.x86_64
Installing seekwatcher-0.12-5.el6.noarch
Installing nss-devel-3.13.3-6.el6.x86_64
Installing openmotif-devel-2.3.3-4.el6.x86_64
Installing fprintd-pam-0.1-20.git04fd09cfa.el6.x86_64
Installing latencytop-0.5-9.el6.x86_64
Installing minicom-2.3-6.1.el6.x86_64
Installing ctags-etags-5.8-2.el6.x86_64
Installing flightrecorder-0.91-1.el6.x86_64
Installing ruby-irb-1.8.7.352-7.el6_2.x86_64
Installing vim-enhanced-7.2.411-1.8.el6.x86_64
Installing libtool-2.2.6-15.5.el6.x86_64
Installing gcc-c++-4.4.6-4.el6.x86_64
Installing gcc-gfortran-4.4.6-4.el6.x86_64
Installing libhugetlbfs-utils-2.12-2.el6.x86_64
Installing readline-devel-6.0-4.el6.x86_64
Installing db4-devel-4.7.25-17.el6.x86_64
Installing compat-db-4.6.21-15.el6.x86_64
Installing hunspell-en-0.20090216-7.1.el6.noarch
Installing gstreamer-devel-0.10.29-1.el6.x86_64
Installing net-snmp-devel-5.5-41.el6.x86_64
Installing yum-plugin-security-1.1.30-14.el6.noarch
Installing yum-utils-1.1.30-14.el6.noarch
Installing compat-openmpi-1.4.3-1.el6.x86_64
Installing pulseaudio-libs-devel-0.9.21-13.el6.x86_64
Installing libcurl-devel-7.19.7-26.el6_2.4.x86_64
Installing system-config-firewall-tui-1.2.27-5.el6.noarch
Installing perl-Test-Pod-Coverage-1.08-8.1.el6.noarch
Installing perl-core-5.10.1-127.el6.x86_64
Installing crypto-utils-2.4.1-24.2.el6.x86_64
Installing abrt-cli-2.0.8-6.el6.x86_64
Installing man-pages-overrides-6.3.3-1.el6.noarch
Installing sos-2.2-29.el6.noarch
Installing net-snmp-python-5.5-41.el6.x86_64
Installing net-snmp-perl-5.5-41.el6.x86_64
Installing net-snmp-utils-5.5-41.el6.x86_64
Installing cmake-2.6.4-5.el6.x86_64
Installing rpm-build-4.8.0-27.el6.x86_64
Installing sudo-1.7.4p5-11.el6.x86_64
Installing compat-openldap-2.3.43-2.el6.x86_64
Installing hmaccalc-0.9.12-1.el6.x86_64
Installing cas-0.15-1.el6.1.noarch
Installing unixODBC-devel-2.2.14-11.el6.x86_64
Installing boost-devel-1.41.0-11.el6_1.2.x86_64
Installing cjkuni-uming-fonts-0.2.20080216.1-35.el6.noarch
Installing cjkuni-ukai-fonts-0.2.20080216.1-35.el6.noarch
Installing cifs-utils-4.8.1-10.el6.x86_64
Installing memtest86+-4.10-2.el6.x86_64
Installing crash-gcore-command-1.0-3.el6.x86_64
Installing hwloc-1.1-0.1.el6.x86_64
Installing usbutils-003-4.el6.x86_64
Installing nmap-5.51-2.el6.x86_64
Installing tcpdump-4.0.0-3.20090921gitdf3cb4.2.el6.x86_64
Installing python-docs-2.6.6-2.el6.noarch
Installing iotop-0.3.2-3.el6.noarch
Installing dstat-0.7.0-1.el6.noarch
Installing perf-2.6.32-279.el6.x86_64
Installing glibc-utils-2.12-1.80.el6.x86_64
Installing pinfo-0.6.9-12.el6.x86_64
Installing Red_Hat_Enterprise_Linux-Release_Notes-6-en-US-3-7.el6.noarch
Installing Red_Hat_Enterprise_Linux-Release_Notes-6-zh-CN-3-2.el6.noarch
Installing Red_Hat_Enterprise_Linux-Release_Notes-6-zh-TW-3-30.el6.noarch
Installing alsa-utils-1.0.22-3.el6.x86_64
Installing alsa-lib-devel-1.0.22-3.el6.x86_64
Installing perl-Crypt-SSLeay-0.57-16.el6.x86_64
Installing vlock-1.3-31.el6.x86_64
Installing pam_passwdqc-1.0.5-6.el6.x86_64
Installing pam-devel-1.1.1-10.el6_2.1.x86_64
Installing zsh-4.3.10-5.el6.x86_64
Installing audit-2.2-2.el6.x86_64
Installing psacct-6.3.2-63.el6_1.1.x86_64
Installing tcsh-6.17-19.el6_2.x86_64
Installing openssl098e-0.9.8e-17.el6_2.2.x86_64
Installing redhat-rpm-config-9.0.3-39.el6.noarch
Installing compat-libtermcap-2.0.8-49.el6.x86_64
Installing perl-Test-Pod-1.40-1.el6.noarch
Installing valgrind-3.6.0-5.el6.x86_64
Installing patchutils-0.3.1-3.1.el6.x86_64
Installing perl-XML-Dumper-0.81-6.el6.noarch
Installing ntsysv-1.3.49.3-2.el6.x86_64
Installing efibootmgr-0.5.4-10.el6.x86_64
Installing libaio-devel-0.3.107-10.el6.x86_64
Installing rcs-5.7-37.el6.x86_64
Installing flex-2.5.35-8.el6.x86_64
Installing bison-2.4.1-5.el6.x86_64
Installing iptables-devel-1.4.7-5.1.el6_2.x86_64
Installing binutils-devel-2.20.51.0.2-5.34.el6.x86_64
Installing mlocate-0.22.2-3.el6.x86_64
Installing pcre-devel-7.8-4.el6.x86_64
Installing oprofile-0.9.7-1.el6.x86_64
Installing irqbalance-0.55-34.el6.x86_64
Installing libcap-ng-devel-0.6.4-3.el6_0.1.x86_64
Installing latencytop-tui-0.5-9.el6.x86_64
Installing ltrace-0.5-23.45svn.el6.x86_64
Installing cyrus-sasl-plain-2.1.23-13.el6.x86_64
Installing expat-devel-2.0.1-11.el6_2.x86_64
Installing libuuid-devel-2.17.2-12.7.el6.x86_64
Installing audit-libs-devel-2.2-2.el6.x86_64
Installing ftp-0.17-51.1.el6.x86_64
Installing bzip2-devel-1.0.5-7.el6_0.x86_64
Installing nasm-2.07-7.el6.x86_64
Installing nano-2.0.9-7.el6.x86_64
Installing doxygen-1.6.1-6.el6.x86_64
Installing swig-1.3.40-6.el6.x86_64
Installing libcap-devel-2.16-5.5.el6.x86_64
Installing nfs4-acl-tools-0.3.3-6.el6.x86_64
Installing scl-utils-20120423-2.el6.x86_64
Installing wqy-zenhei-fonts-0.9.45-3.el6.noarch
Installing cscope-15.6-6.el6.x86_64
Installing mcelog-1.0pre3_20110718-0.14.el6.x86_64
Installing mtr-0.75-5.el6.x86_64
Installing powertop-1.11-6.el6.x86_64
Installing lslk-1.29-23.el6.x86_64
Installing gdb-gdbserver-7.2-56.el6.x86_64
Installing traceroute-2.0.14-2.el6.x86_64
Installing setserial-2.17-25.el6.x86_64
Installing vconfig-1.9-8.1.el6.x86_64
Installing rfkill-0.3-4.el6.x86_64
Installing rdate-1.4-16.el6.x86_64
Installing bridge-utils-1.2-9.el6.x86_64
Installing eject-2.1.5-17.el6.x86_64
Installing ledmon-0.32-1.el6.x86_64
Installing b43-fwcutter-012-2.2.el6.x86_64
Installing compat-opensm-libs-3.3.5-3.el6.x86_64
Installing compat-libstdc++-33-3.2.3-69.el6.x86_64
Installing compat-libf2c-34-3.4.6-19.el6.x86_64
Installing compat-expat1-1.95.8-8.el6.x86_64
Installing compat-libcap1-1.10-1.x86_64
Installing compat-libgfortran-41-4.1.2-39.el6.x86_64
Installing latrace-0.5.9-2.el6.x86_64
Installing crash-trace-command-1.0-4.el6.x86_64
Installing byacc-1.9.20070509-7.el6.x86_64
Installing diffstat-1.51-2.el6.x86_64
Installing libtopology-0.3-7.el6.x86_64
Installing man-pages-3.22-17.el6.noarch
Installing words-3.0-17.el6.noarch
Installing redhat-indexhtml-6-1.el6.noarch
Installing ql2400-firmware-5.06.05-1.el6.noarch
Installing iwl5000-firmware-8.83.5.1_1-1.el6_1.1.noarch
Installing ql2100-firmware-1.19.38-3.1.el6.noarch
Installing ivtv-firmware-20080701-20.2.noarch
Installing libertas-usb8388-firmware-5.110.22.p23-3.1.el6.noarch
Installing xorg-x11-drv-ati-firmware-6.14.2-9.el6.noarch
Installing ql2500-firmware-5.06.05-1.el6.noarch
Installing atmel-firmware-1.3-7.el6.noarch
Installing zd1211-firmware-1.4-4.el6.noarch
Installing iwl4965-firmware-228.61.2.24-2.1.el6.noarch
Installing rt61pci-firmware-1.2-7.el6.noarch
Installing iwl3945-firmware-15.32.2.9-4.el6.noarch
Installing ql2200-firmware-2.02.08-3.1.el6.noarch
Installing rt73usb-firmware-1.8-7.el6.noarch
Installing ipw2100-firmware-1.3-11.el6.noarch
Installing ql23xx-firmware-3.03.27-3.1.el6.noarch
Installing ipw2200-firmware-3.1-4.el6.noarch
Installing rootfiles-8.1-6.1.el6.noarch
Installing libstdc++-docs-4.4.6-4.el6.x86_64
Installing nss-softokn-freebl-3.12.9-11.el6.i686
Installing glibc-2.12-1.80.el6.i686
Installing libgcc-4.4.6-4.el6.i686
Installing compat-gcc-34-c++-3.4.6-19.el6.x86_64
Installing compat-libstdc++-296-2.96-144.el6.i686
*** FINISHED INSTALLING PACKAGES ***