localhost.localdomain - - [19/Jul/2015 20:26:11] "GET / HTTP/1.1" 302 -
localhost.localdomain - - [19/Jul/2015 20:28:00] "GET / HTTP/1.1" 302 -
localhost.localdomain - - [19/Jul/2015 20:29:20] "GET / HTTP/1.1" 302 -
localhost.localdomain - - [19/Jul/2015 20:29:20] "GET /index.html HTTP/1.1" 202 -
localhost.localdomain - - [19/Jul/2015 20:30:52] "GET /index.html HTTP/1.1" 202 -
localhost.localdomain - - [19/Jul/2015 20:32:06] "GET /index.html HTTP/1.1" 202 -
localhost.localdomain - - [19/Jul/2015 20:32:06] "GET /style.css HTTP/1.1" 202 -
localhost.localdomain - - [19/Jul/2015 20:32:06] "GET /images/gtop.gif HTTP/1.1" 202 -
localhost.localdomain - - [19/Jul/2015 20:32:06] "GET /images/gbot.gif HTTP/1.1" 202 -
localhost.localdomain - - [19/Jul/2015 20:32:06] "GET /images/banner.jpg HTTP/1.1" 202 -
localhost.localdomain - - [19/Jul/2015 20:32:06] "GET /images/button.jpg HTTP/1.1" 202 -
localhost.localdomain - - [19/Jul/2015 20:32:06] "GET /images/img1.jpg HTTP/1.1" 202 -
localhost.localdomain - - [19/Jul/2015 20:32:06] "GET /images/img2.jpg HTTP/1.1" 202 -
localhost.localdomain - - [19/Jul/2015 20:32:06] "GET /images/img3.jpg HTTP/1.1" 202 -
localhost.localdomain - - [19/Jul/2015 20:32:06] "GET /images/right_bot.gif HTTP/1.1" 202 -
localhost.localdomain - - [19/Jul/2015 20:32:06] "GET /images/photo.jpg HTTP/1.1" 202 -
localhost.localdomain - - [19/Jul/2015 20:32:06] "GET /images/smallbg.gif HTTP/1.1" 202 -
localhost.localdomain - - [19/Jul/2015 20:32:06] "GET /images/bg.jpg HTTP/1.1" 202 -
localhost.localdomain - - [19/Jul/2015 20:32:06] "GET /images/circle.gif HTTP/1.1" 202 -
localhost.localdomain - - [19/Jul/2015 20:32:06] "GET /images/gbg.gif HTTP/1.1" 202 -
localhost.localdomain - - [19/Jul/2015 20:32:06] "GET /images/title1.jpg HTTP/1.1" 202 -
localhost.localdomain - - [19/Jul/2015 20:32:06] "GET /images/arrow.gif HTTP/1.1" 202 -
localhost.localdomain - - [19/Jul/2015 20:32:06] "GET /images/welcome_bg.jpg HTTP/1.1" 202 -
localhost.localdomain - - [19/Jul/2015 20:32:06] "GET /images/block_bg.gif HTTP/1.1" 202 -
localhost.localdomain - - [19/Jul/2015 20:32:06] "GET /images/title_bg.jpg HTTP/1.1" 202 -
localhost.localdomain - - [19/Jul/2015 20:32:06] "GET /images/title3_bg.jpg HTTP/1.1" 202 -
localhost.localdomain - - [19/Jul/2015 20:32:06] "GET /images/photo_bg.gif HTTP/1.1" 202 -
localhost.localdomain - - [19/Jul/2015 20:32:39] "GET /404.html HTTP/1.1" 202 -
